<?xml version="1.0" encoding="UTF-8"?>
<!-- Generated by org.testng.reporters.JUnitXMLReporter -->
<testsuite ignored="1" hostname="DESKTOP-QM3IQ12" failures="0" tests="1" name="NegativePasswordTests" time="4.888" errors="0" timestamp="2022-05-31T16:25:20 EEST">
  <testcase classname="com.herocuapp.theinternet.LoginTests" name="@BeforeMethod setUp" time="4.841">
    <failure type="java.lang.NullPointerException">
      <![CDATA[java.lang.NullPointerException
at com.herocuapp.theinternet.LoginTests.setUp(LoginTests.java:47)
at java.base/java.util.ArrayList.forEach(ArrayList.java:1541)
... Removed 31 stack frames]]>
    </failure>
  </testcase> <!-- @BeforeMethod setUp -->
  <testcase classname="com.herocuapp.theinternet.LoginTests" name="@AfterMethod tearDown" time="0.002">
    <failure type="java.lang.NullPointerException">
      <![CDATA[java.lang.NullPointerException
at com.herocuapp.theinternet.LoginTests.tearDown(LoginTests.java:155)
at java.base/java.util.ArrayList.forEach(ArrayList.java:1541)
... Removed 32 stack frames]]>
    </failure>
  </testcase> <!-- @AfterMethod tearDown -->
  <testcase classname="com.herocuapp.theinternet.LoginTests" name="negativeLoginTest" time="0.0">
    <skipped/>
  </testcase> <!-- negativeLoginTest -->
  <testcase classname="com.herocuapp.theinternet.LoginTests" name="positiveloginTest" time="0.0">
    <ignored/>
  </testcase> <!-- positiveloginTest -->
</testsuite> <!-- NegativePasswordTests -->
