<?xml version="1.0" encoding="UTF-8"?>
<!-- Generated by org.testng.reporters.JUnitXMLReporter -->
<testsuite ignored="1" hostname="DESKTOP-QM3IQ12" failures="0" tests="1" name="NegativeUsernameTests" time="13.925" errors="0" timestamp="2022-05-31T16:25:15 EEST">
  <testcase classname="com.herocuapp.theinternet.LoginTests" name="negativeLoginTest" time="8.118"/>
  <testcase classname="com.herocuapp.theinternet.LoginTests" name="positiveloginTest" time="0.0">
    <ignored/>
  </testcase> <!-- positiveloginTest -->
</testsuite> <!-- NegativeUsernameTests -->
