<?xml version="1.0" encoding="UTF-8"?>
<!-- Generated by org.testng.reporters.JUnitXMLReporter -->
<testsuite ignored="1" hostname="DESKTOP-QM3IQ12" failures="0" tests="1" name="NegativeTests" time="18.183" errors="0" timestamp="2022-05-24T19:11:04 EEST">
  <testcase classname="com.herocuapp.theinternet.NegativeTests" name="invalidUserNameTest" time="18.078"/>
  <testcase classname="com.herocuapp.theinternet.NegativeTests" name="invalidPasswordTest" time="0.0">
    <ignored/>
  </testcase> <!-- invalidPasswordTest -->
</testsuite> <!-- NegativeTests -->
