<?xml version="1.0" encoding="UTF-8"?>
<!-- Generated by org.testng.reporters.JUnitXMLReporter -->
<testsuite ignored="1" hostname="DESKTOP-QM3IQ12" failures="0" tests="1" name="PositiveTests" time="17.135" errors="0" timestamp="2022-05-31T16:25:01 EEST">
  <testcase classname="com.herocuapp.theinternet.LoginTests" name="positiveloginTest" time="7.091"/>
  <testcase classname="com.herocuapp.theinternet.LoginTests" name="negativeLoginTest" time="0.0">
    <ignored/>
  </testcase> <!-- negativeLoginTest -->
</testsuite> <!-- PositiveTests -->
