<?xml version="1.0" encoding="UTF-8"?>
<!-- Generated by org.testng.reporters.JUnitXMLReporter -->
<testsuite ignored="0" hostname="DESKTOP-QM3IQ12" failures="0" tests="2" name="NegativeTests" time="72.175" errors="0" timestamp="2022-05-24T17:46:12 EEST">
  <testcase classname="com.herocuapp.theinternet.NegativeTests" name="invalidPasswordTest" time="10.683"/>
  <testcase classname="com.herocuapp.theinternet.NegativeTests" name="invalidUserNameTest" time="61.478"/>
</testsuite> <!-- NegativeTests -->
