<?xml version="1.0" encoding="UTF-8"?>
<testng-results ignored="0" total="3" passed="3" failed="0" skipped="0">
  <reporter-output>
  </reporter-output>
  <suite started-at="2022-05-24T17:51:25 EEST" name="AllTests" finished-at="2022-05-24T17:52:30 EEST" duration-ms="65472">
    <groups>
    </groups>
    <test started-at="2022-05-24T17:51:25 EEST" name="PositiveTests" finished-at="2022-05-24T17:51:57 EEST" duration-ms="31695">
      <class name="com.herocuapp.theinternet.PositiveTests">
        <test-method signature="loginTest()[pri:0, instance:com.herocuapp.theinternet.PositiveTests@49049a04]" started-at="2022-05-24T17:51:25 EEST" name="loginTest" finished-at="2022-05-24T17:51:57 EEST" duration-ms="31612" status="PASS">
          <reporter-output>
          </reporter-output>
        </test-method> <!-- loginTest -->
      </class> <!-- com.herocuapp.theinternet.PositiveTests -->
    </test> <!-- PositiveTests -->
    <test started-at="2022-05-24T17:51:57 EEST" name="NegativeTests" finished-at="2022-05-24T17:52:30 EEST" duration-ms="33703">
      <class name="com.herocuapp.theinternet.NegativeTests">
        <test-method signature="invalidPasswordTest()[pri:0, instance:com.herocuapp.theinternet.NegativeTests@76a4ebf2]" started-at="2022-05-24T17:51:57 EEST" name="invalidPasswordTest" finished-at="2022-05-24T17:52:06 EEST" duration-ms="9432" status="PASS">
          <reporter-output>
          </reporter-output>
        </test-method> <!-- invalidPasswordTest -->
        <test-method signature="invalidUserNameTest()[pri:0, instance:com.herocuapp.theinternet.NegativeTests@76a4ebf2]" started-at="2022-05-24T17:52:06 EEST" name="invalidUserNameTest" finished-at="2022-05-24T17:52:30 EEST" duration-ms="24266" status="PASS">
          <reporter-output>
          </reporter-output>
        </test-method> <!-- invalidUserNameTest -->
      </class> <!-- com.herocuapp.theinternet.NegativeTests -->
    </test> <!-- NegativeTests -->
  </suite> <!-- AllTests -->
</testng-results>
