<?xml version="1.0" encoding="UTF-8"?>
<!-- Generated by org.testng.reporters.JUnitXMLReporter -->
<testsuite ignored="0" hostname="DESKTOP-QM3IQ12" failures="0" tests="2" name="NegativeTests" time="33.703" errors="0" timestamp="2022-05-24T17:52:30 EEST">
  <testcase classname="com.herocuapp.theinternet.NegativeTests" name="invalidPasswordTest" time="9.432"/>
  <testcase classname="com.herocuapp.theinternet.NegativeTests" name="invalidUserNameTest" time="24.266"/>
</testsuite> <!-- NegativeTests -->
